<?xml version="1.0" encoding="UTF-8"?>
<!-- Generated by org.testng.reporters.JUnitReportReporter -->
<testsuite hostname="LAPTOP-TPH7PJMI" failures="0" tests="1" name="loginPage.myTestCases" time="1.056" errors="0" timestamp="2025-07-09T23:32:31 EET" skipped="0">
  <testcase classname="loginPage.myTestCases" name="signup" time="1.056"/>
</testsuite> <!-- loginPage.myTestCases -->
